app/build/intermediates/manifest_merge_blame_file/debug/manifest-merger-blame-debug-report.txt
1<?xml version="1.0" encoding="utf-8"?>
2<manifest xmlns:android="http://schemas.android.com/apk/res/android"
3    xmlns:dist="http://schemas.android.com/apk/distribution"
4    package="com.levyj.al2gether"
5    android:versionCode="9"
6    android:versionName="2" >
7
8    <uses-sdk
9        android:minSdkVersion="21"
9-->src\main\AndroidManifest.xml
10        android:targetSdkVersion="30" />
10-->src\main\AndroidManifest.xml
11    <!--
12         The ACCESS_COARSE/FINE_LOCATION permissions are not required to use
13         Google Maps Android API v2, but you must specify either coarse or fine
14         location permissions for the 'MyLocation' functionality.
15    -->
16
17    <uses-permission android:name="android.permission.INTERNET" />
17-->src\main\AndroidManifest.xml:12:5-67
17-->src\main\AndroidManifest.xml:12:22-64
18    <uses-permission android:name="android.permission.CAMERA" />
18-->src\main\AndroidManifest.xml:13:5-65
18-->src\main\AndroidManifest.xml:13:22-62
19    <uses-permission android:name="android.permission.RECORD_AUDIO" />
19-->src\main\AndroidManifest.xml:14:5-71
19-->src\main\AndroidManifest.xml:14:22-68
20    <uses-permission android:name="android.permission.ACCESS_FINE_LOCATION" />
20-->src\main\AndroidManifest.xml:15:5-79
20-->src\main\AndroidManifest.xml:15:22-76
21    <uses-permission android:name="android.permission.WRITE_EXTERNAL_STORAGE" />
21-->src\main\AndroidManifest.xml:16:5-81
21-->src\main\AndroidManifest.xml:16:22-78
22    <uses-permission android:name="android.permission.STORAGE" />
22-->src\main\AndroidManifest.xml:17:5-66
22-->src\main\AndroidManifest.xml:17:22-63
23
24    <uses-feature android:name="android.hardware.camera.autofocus" />
24-->src\main\AndroidManifest.xml:19:5-70
24-->src\main\AndroidManifest.xml:19:19-67
25
26    <uses-permission android:name="android.permission.RECORD_AUDIO" />
26-->src\main\AndroidManifest.xml:14:5-71
26-->src\main\AndroidManifest.xml:14:22-68
27    <uses-permission android:name="android.permission.READ_EXTERNAL_STORAGE" />
27-->src\main\AndroidManifest.xml:23:5-80
27-->src\main\AndroidManifest.xml:23:22-77
28    <uses-permission android:name="android.permission.ACCESS_NETWORK_STATE" />
28-->src\main\AndroidManifest.xml:26:5-79
28-->src\main\AndroidManifest.xml:26:22-76
29    <uses-permission android:name="android.permission.WAKE_LOCK" />
29-->src\main\AndroidManifest.xml:27:5-68
29-->src\main\AndroidManifest.xml:27:22-65
30    <uses-permission android:name="android.permission.ACCESS_FINE_LOCATION" />
30-->src\main\AndroidManifest.xml:15:5-79
30-->src\main\AndroidManifest.xml:15:22-76
31
32    <uses-feature android:name="android.hardware.location.gps" />
32-->src\main\AndroidManifest.xml:31:5-66
32-->src\main\AndroidManifest.xml:31:19-63
33
34    <uses-permission android:name="android.permission.WRITE_SETTINGS" />
34-->src\main\AndroidManifest.xml:32:5-34:47
34-->src\main\AndroidManifest.xml:33:9-57
35
36    <!--
37        <uses-feature
38        android:name="android.hardware.camera"
39        android:required="false" />
40    <uses-feature
41        android:name="android.hardware.camera.autofocus"
42        android:required="false" />
43    -->
44    <uses-permission android:name="android.permission.RECORD_AUDIO" />
44-->src\main\AndroidManifest.xml:14:5-71
44-->src\main\AndroidManifest.xml:14:22-68
45
46    <uses-feature
46-->src\main\AndroidManifest.xml:43:5-45:36
47        android:name="android.hardware.camera.front"
47-->src\main\AndroidManifest.xml:44:9-53
48        android:required="false" />
48-->src\main\AndroidManifest.xml:45:9-33
49    <uses-feature
49-->src\main\AndroidManifest.xml:46:5-85
50        android:name="android.hardware.camera"
50-->src\main\AndroidManifest.xml:46:19-57
51        android:required="true" />
51-->src\main\AndroidManifest.xml:46:58-82
52
53    <uses-permission android:name="android.permission.READ_CONTACTS" />
53-->src\main\AndroidManifest.xml:48:5-72
53-->src\main\AndroidManifest.xml:48:22-69
54    <uses-permission android:name="android.permission.WRITE_CONTACTS" />
54-->src\main\AndroidManifest.xml:49:5-73
54-->src\main\AndroidManifest.xml:49:22-70
55    <uses-permission android:name="android.permission.ACCESS_WIFI_STATE" />
55-->[com.google.android.libraries.places:places:2.4.0] AndroidManifest.xml:10:5-76
55-->[com.google.android.libraries.places:places:2.4.0] AndroidManifest.xml:10:22-73
56
57    <uses-feature
57-->[com.google.android.gms:play-services-maps:17.0.1] AndroidManifest.xml:26:5-28:35
58        android:glEsVersion="0x00020000"
58-->[com.google.android.gms:play-services-maps:17.0.1] AndroidManifest.xml:27:9-41
59        android:required="true" />
59-->[com.google.android.gms:play-services-maps:17.0.1] AndroidManifest.xml:28:9-32
60
61    <queries>
61-->[com.google.android.gms:play-services-maps:17.0.1] AndroidManifest.xml:30:5-34:15
62
63        <!-- Needs to be explicitly declared on Android R+ -->
64        <package android:name="com.google.android.apps.maps" />
64-->[com.google.android.gms:play-services-maps:17.0.1] AndroidManifest.xml:33:9-64
64-->[com.google.android.gms:play-services-maps:17.0.1] AndroidManifest.xml:33:18-61
65
66        <intent>
66-->[androidx.camera:camera-extensions:1.0.0-alpha25] AndroidManifest.xml:25:9-27:18
67            <action android:name="androidx.camera.extensions.action.VENDOR_ACTION" />
67-->[androidx.camera:camera-extensions:1.0.0-alpha25] AndroidManifest.xml:26:13-86
67-->[androidx.camera:camera-extensions:1.0.0-alpha25] AndroidManifest.xml:26:21-83
68        </intent> <!-- For browser content -->
69        <intent>
69-->[com.google.android.gms:play-services-ads-lite:20.1.0] AndroidManifest.xml:30:9-36:18
70            <action android:name="android.intent.action.VIEW" />
70-->[com.google.firebase:firebase-auth:20.0.1] AndroidManifest.xml:34:17-69
70-->[com.google.firebase:firebase-auth:20.0.1] AndroidManifest.xml:34:25-66
71
72            <category android:name="android.intent.category.BROWSABLE" />
72-->[com.google.firebase:firebase-auth:20.0.1] AndroidManifest.xml:37:17-78
72-->[com.google.firebase:firebase-auth:20.0.1] AndroidManifest.xml:37:27-75
73
74            <data android:scheme="https" />
74-->[com.google.firebase:firebase-auth:20.0.1] AndroidManifest.xml:39:17-42:51
74-->[com.google.firebase:firebase-auth:20.0.1] AndroidManifest.xml:42:21-48
75        </intent> <!-- End of browser content -->
76        <!-- For CustomTabsService -->
77        <intent>
77-->[com.google.android.gms:play-services-ads-lite:20.1.0] AndroidManifest.xml:39:9-41:18
78            <action android:name="android.support.customtabs.action.CustomTabsService" />
78-->[com.google.android.gms:play-services-ads-lite:20.1.0] AndroidManifest.xml:40:13-90
78-->[com.google.android.gms:play-services-ads-lite:20.1.0] AndroidManifest.xml:40:21-87
79        </intent>
80    </queries>
81
82    <uses-permission android:name="android.hardware.camera.autofocus" /> <!-- Permission will be merged into the manifest of the hosting app. -->
82-->[:deepar:] AndroidManifest.xml:27:5-73
82-->[:deepar:] AndroidManifest.xml:27:22-70
83    <!-- Is required to launch foreground extraction service for targetSdkVersion 28+. -->
84    <uses-permission android:name="android.permission.FOREGROUND_SERVICE" /> <!-- Required by older versions of Google Play services to create IID tokens -->
84-->[com.google.android.play:core:1.10.0] AndroidManifest.xml:8:3-74
84-->[com.google.android.play:core:1.10.0] AndroidManifest.xml:8:20-72
85    <uses-permission android:name="com.google.android.c2dm.permission.RECEIVE" />
85-->[com.google.firebase:firebase-iid:21.0.1] AndroidManifest.xml:26:5-82
85-->[com.google.firebase:firebase-iid:21.0.1] AndroidManifest.xml:26:22-79
86    <uses-permission android:name="com.google.android.finsky.permission.BIND_GET_INSTALL_REFERRER_SERVICE" />
86-->[com.google.android.gms:play-services-measurement:18.0.0] AndroidManifest.xml:26:5-110
86-->[com.google.android.gms:play-services-measurement:18.0.0] AndroidManifest.xml:26:22-107
87    <uses-permission android:name="android.permission.RECEIVE_BOOT_COMPLETED" />
87-->[androidx.work:work-runtime:2.1.0] AndroidManifest.xml:27:5-81
87-->[androidx.work:work-runtime:2.1.0] AndroidManifest.xml:27:22-78
88
89    <application
89-->src\main\AndroidManifest.xml:51:5-452:19
90        android:name="com.kptech.peps.app.MyApplication"
90-->src\main\AndroidManifest.xml:52:9-42
91        android:allowBackup="true"
91-->src\main\AndroidManifest.xml:54:9-35
92        android:appComponentFactory="androidx.core.app.CoreComponentFactory"
92-->[androidx.core:core:1.6.0-rc01] AndroidManifest.xml:24:18-86
93        android:debuggable="true"
94        android:extractNativeLibs="true"
94-->src\main\AndroidManifest.xml:59:9-41
95        android:hardwareAccelerated="true"
95-->src\main\AndroidManifest.xml:55:9-43
96        android:icon="@mipmap/ic_launcher"
96-->src\main\AndroidManifest.xml:56:9-43
97        android:label="@string/app_name"
97-->src\main\AndroidManifest.xml:61:9-41
98        android:largeHeap="true"
98-->src\main\AndroidManifest.xml:57:9-33
99        android:requestLegacyExternalStorage="true"
99-->src\main\AndroidManifest.xml:60:9-52
100        android:roundIcon="@mipmap/ic_launcher_round"
100-->src\main\AndroidManifest.xml:62:9-54
101        android:supportsRtl="true"
101-->src\main\AndroidManifest.xml:58:9-35
102        android:theme="@style/AppTheme" >
102-->src\main\AndroidManifest.xml:64:9-40
103        <activity android:name="com.kptech.peps.activity.Come2GetherFilterActivity" />
103-->src\main\AndroidManifest.xml:67:9-71
103-->src\main\AndroidManifest.xml:67:19-69
104        <activity android:name="com.kptech.peps.activity.FilterActivity" />
104-->src\main\AndroidManifest.xml:68:9-60
104-->src\main\AndroidManifest.xml:68:19-58
105        <activity
105-->src\main\AndroidManifest.xml:69:8-71:14
106            android:name="com.kptech.peps.videoEditor.PortraitCameraActivity"
106-->src\main\AndroidManifest.xml:69:18-68
107            android:screenOrientation="nosensor" />
107-->src\main\AndroidManifest.xml:70:12-48
108        <activity
108-->src\main\AndroidManifest.xml:72:9-74:60
109            android:name="com.kptech.peps.activity.SearchActivity"
109-->src\main\AndroidManifest.xml:73:13-52
110            android:label="@string/title_activity_search" />
110-->src\main\AndroidManifest.xml:74:13-58
111        <activity
111-->src\main\AndroidManifest.xml:75:9-89:20
112            android:name="com.kptech.peps.Intro.SplashActivity"
112-->src\main\AndroidManifest.xml:76:13-49
113            android:screenOrientation="portrait"
113-->src\main\AndroidManifest.xml:77:13-49
114            android:theme="@style/Theme.AppCompat.Light.NoActionBar"
114-->src\main\AndroidManifest.xml:78:13-69
115            android:windowSoftInputMode="stateHidden" >
115-->src\main\AndroidManifest.xml:79:13-54
116
117            <!-- <intent-filter> -->
118            <!-- <action android:name="android.intent.action.MAIN" /> -->
119            <!-- <action android:name="android.provider.MediaStore.RECORD_SOUND" /> -->
120
121
122            <!-- <category android:name="android.intent.category.LAUNCHER" /> -->
123            <!-- </intent-filter> -->
124        </activity>
125        <activity android:name="com.kptech.peps.deepAr.DeepArMainActivity" />
125-->src\main\AndroidManifest.xml:90:9-62
125-->src\main\AndroidManifest.xml:90:19-60
126        <activity
126-->src\main\AndroidManifest.xml:91:9-96:50
127            android:name="com.kptech.peps.Intro.IntroActivity"
127-->src\main\AndroidManifest.xml:92:13-48
128            android:screenOrientation="portrait"
128-->src\main\AndroidManifest.xml:93:13-49
129            android:theme="@style/Theme.AppCompat.Light.NoActionBar"
129-->src\main\AndroidManifest.xml:94:13-69
130            android:windowSoftInputMode="stateHidden" />
130-->src\main\AndroidManifest.xml:95:13-54
131        <activity
131-->src\main\AndroidManifest.xml:97:9-101:57
132            android:name="com.kptech.peps.activity.LoginActivity"
132-->src\main\AndroidManifest.xml:98:13-51
133            android:screenOrientation="portrait"
133-->src\main\AndroidManifest.xml:99:13-49
134            android:theme="@style/Theme.AppCompat.Light.NoActionBar"
134-->src\main\AndroidManifest.xml:100:13-69
135            android:windowSoftInputMode="stateHidden" />
135-->src\main\AndroidManifest.xml:101:13-54
136        <activity
136-->src\main\AndroidManifest.xml:102:9-105:57
137            android:name="com.kptech.peps.activity.NotificationActivity"
137-->src\main\AndroidManifest.xml:103:13-58
138            android:screenOrientation="portrait"
138-->src\main\AndroidManifest.xml:104:13-49
139            android:windowSoftInputMode="stateHidden" />
139-->src\main\AndroidManifest.xml:105:13-54
140        <activity
140-->src\main\AndroidManifest.xml:106:9-109:57
141            android:name="com.kptech.peps.activity.MessageDetailsActivity"
141-->src\main\AndroidManifest.xml:107:13-60
142            android:screenOrientation="portrait"
142-->src\main\AndroidManifest.xml:108:13-49
143            android:windowSoftInputMode="stateHidden" />
143-->src\main\AndroidManifest.xml:109:13-54
144        <activity
144-->src\main\AndroidManifest.xml:110:9-113:57
145            android:name="com.kptech.peps.activity.CreateNotesActivity"
145-->src\main\AndroidManifest.xml:111:13-57
146            android:screenOrientation="portrait"
146-->src\main\AndroidManifest.xml:112:13-49
147            android:windowSoftInputMode="stateHidden" />
147-->src\main\AndroidManifest.xml:113:13-54
148        <activity
148-->src\main\AndroidManifest.xml:114:9-117:57
149            android:name="com.kptech.peps.activity.CreateContentNewsActivity"
149-->src\main\AndroidManifest.xml:115:13-63
150            android:screenOrientation="portrait"
150-->src\main\AndroidManifest.xml:116:13-49
151            android:windowSoftInputMode="stateHidden" />
151-->src\main\AndroidManifest.xml:117:13-54
152        <activity
152-->src\main\AndroidManifest.xml:118:9-121:57
153            android:name="com.kptech.peps.activity.NewsRequestActivity"
153-->src\main\AndroidManifest.xml:119:13-57
154            android:screenOrientation="portrait"
154-->src\main\AndroidManifest.xml:120:13-49
155            android:windowSoftInputMode="stateHidden" />
155-->src\main\AndroidManifest.xml:121:13-54
156        <activity
156-->src\main\AndroidManifest.xml:122:9-125:57
157            android:name="com.kptech.peps.activity.ProfileActivity"
157-->src\main\AndroidManifest.xml:123:13-53
158            android:screenOrientation="portrait"
158-->src\main\AndroidManifest.xml:124:13-49
159            android:windowSoftInputMode="stateHidden" />
159-->src\main\AndroidManifest.xml:125:13-54
160        <activity
160-->src\main\AndroidManifest.xml:126:9-128:57
161            android:name="com.kptech.peps.activity.HelpActivity"
161-->src\main\AndroidManifest.xml:127:13-50
162            android:windowSoftInputMode="stateHidden" />
162-->src\main\AndroidManifest.xml:128:13-54
163        <!--
164             The API row_key for Google Maps-based APIs is defined as a string resource.
165             (See the file "res/values/google_maps_api.xml").
166             Note that the API row_key is linked to the encryption row_key used to sign the APK.
167             You need a different API row_key for each encryption row_key, including the release row_key that is used to
168             sign the APK for publishing.
169             You can define the keys for the debug and release targets in src/debug/ and src/release/.
170        -->
171        <meta-data
171-->src\main\AndroidManifest.xml:137:9-139:55
172            android:name="com.google.android.geo.API_KEY"
172-->src\main\AndroidManifest.xml:138:13-58
173            android:value="@string/google_maps_key" />
173-->src\main\AndroidManifest.xml:139:13-52
174
175        <activity
175-->src\main\AndroidManifest.xml:141:9-143:59
176            android:name="com.kptech.peps.activity.MapsActivity"
176-->src\main\AndroidManifest.xml:142:13-50
177            android:label="@string/title_activity_maps" />
177-->src\main\AndroidManifest.xml:143:13-56
178        <activity android:name="com.kptech.peps.activity.ForgetPassActivity" />
178-->src\main\AndroidManifest.xml:144:9-65
178-->src\main\AndroidManifest.xml:144:19-62
179        <activity
179-->src\main\AndroidManifest.xml:145:9-155:20
180            android:name="com.kptech.peps.activity.HomeActivity"
180-->src\main\AndroidManifest.xml:146:13-50
181            android:screenOrientation="portrait"
181-->src\main\AndroidManifest.xml:147:13-49
182            android:theme="@style/AppFullScreenTheme"
182-->src\main\AndroidManifest.xml:148:13-54
183            android:windowSoftInputMode="stateAlwaysHidden|adjustNothing" >
183-->src\main\AndroidManifest.xml:149:13-74
184            <intent-filter>
184-->src\main\AndroidManifest.xml:150:13-154:29
185                <action android:name="android.intent.action.MAIN" />
185-->src\main\AndroidManifest.xml:151:17-69
185-->src\main\AndroidManifest.xml:151:25-66
186                <action android:name="android.provider.MediaStore.RECORD_SOUND" />
186-->src\main\AndroidManifest.xml:152:17-83
186-->src\main\AndroidManifest.xml:152:25-80
187
188                <category android:name="android.intent.category.LAUNCHER" />
188-->src\main\AndroidManifest.xml:153:17-77
188-->src\main\AndroidManifest.xml:153:27-74
189            </intent-filter>
190        </activity>
191        <activity
191-->src\main\AndroidManifest.xml:156:9-159:57
192            android:name="com.kptech.peps.activity.SignupActivity"
192-->src\main\AndroidManifest.xml:157:13-52
193            android:theme="@style/Theme.AppCompat.Light.NoActionBar"
193-->src\main\AndroidManifest.xml:158:13-69
194            android:windowSoftInputMode="stateHidden" />
194-->src\main\AndroidManifest.xml:159:13-54
195        <activity
195-->src\main\AndroidManifest.xml:160:9-162:57
196            android:name="com.kptech.peps.activity.SelectInterestActivity"
196-->src\main\AndroidManifest.xml:161:13-60
197            android:windowSoftInputMode="stateHidden" />
197-->src\main\AndroidManifest.xml:162:13-54
198
199        <meta-data
199-->src\main\AndroidManifest.xml:164:9-166:55
200            android:name="com.facebook.sdk.ApplicationId"
200-->src\main\AndroidManifest.xml:165:13-58
201            android:value="@string/facebook_app_id" />
201-->src\main\AndroidManifest.xml:166:13-52
202
203        <activity
203-->src\main\AndroidManifest.xml:168:9-170:63
204            android:name="com.kptech.peps.activity.CreateHomePostActivity"
204-->src\main\AndroidManifest.xml:169:13-60
205            android:windowSoftInputMode="stateAlwaysHidden" />
205-->src\main\AndroidManifest.xml:170:13-60
206        <activity
206-->src\main\AndroidManifest.xml:171:9-173:99
207            android:name="com.kptech.peps.activity.CreateWorldWidePostActivity"
207-->src\main\AndroidManifest.xml:172:13-65
208            android:configChanges="keyboard|keyboardHidden|screenLayout|screenSize|orientation" />
208-->src\main\AndroidManifest.xml:173:13-96
209        <activity
209-->src\main\AndroidManifest.xml:174:9-176:63
210            android:name="com.kptech.peps.activity.CommentsActivity"
210-->src\main\AndroidManifest.xml:175:13-54
211            android:windowSoftInputMode="stateAlwaysHidden" />
211-->src\main\AndroidManifest.xml:176:13-60
212        <activity
212-->src\main\AndroidManifest.xml:177:9-179:57
213            android:name="com.kptech.peps.activity.ImageViewActivity"
213-->src\main\AndroidManifest.xml:178:13-55
214            android:windowSoftInputMode="stateHidden" />
214-->src\main\AndroidManifest.xml:179:13-54
215        <activity
215-->src\main\AndroidManifest.xml:180:9-182:57
216            android:name="com.kptech.peps.activity.CreatePodcastActivity"
216-->src\main\AndroidManifest.xml:181:13-59
217            android:windowSoftInputMode="stateHidden" />
217-->src\main\AndroidManifest.xml:182:13-54
218        <activity
218-->src\main\AndroidManifest.xml:183:9-185:57
219            android:name="com.kptech.peps.activity.CreateNewsPostActivity"
219-->src\main\AndroidManifest.xml:184:13-60
220            android:windowSoftInputMode="stateHidden" />
220-->src\main\AndroidManifest.xml:185:13-54
221        <activity
221-->src\main\AndroidManifest.xml:186:9-188:57
222            android:name="com.kptech.peps.activity.CreatecontentPostActivity"
222-->src\main\AndroidManifest.xml:187:13-63
223            android:windowSoftInputMode="stateHidden" />
223-->src\main\AndroidManifest.xml:188:13-54
224        <activity
224-->src\main\AndroidManifest.xml:189:9-192:57
225            android:name="com.kptech.peps.activity.VideoActivity"
225-->src\main\AndroidManifest.xml:190:13-51
226            android:configChanges="orientation|screenSize|keyboardHidden"
226-->src\main\AndroidManifest.xml:191:13-74
227            android:windowSoftInputMode="stateHidden" />
227-->src\main\AndroidManifest.xml:192:13-54
228        <activity
228-->src\main\AndroidManifest.xml:193:9-196:57
229            android:name="com.kptech.peps.activity.NotesCommentsUserActivity"
229-->src\main\AndroidManifest.xml:194:13-63
230            android:configChanges="orientation|screenSize|keyboardHidden"
230-->src\main\AndroidManifest.xml:195:13-74
231            android:windowSoftInputMode="stateHidden" />
231-->src\main\AndroidManifest.xml:196:13-54
232        <activity
232-->src\main\AndroidManifest.xml:197:9-200:57
233            android:name="com.kptech.peps.activity.NotesCommentsActivity"
233-->src\main\AndroidManifest.xml:198:13-59
234            android:configChanges="orientation|screenSize|keyboardHidden"
234-->src\main\AndroidManifest.xml:199:13-74
235            android:windowSoftInputMode="stateHidden" />
235-->src\main\AndroidManifest.xml:200:13-54
236        <activity
236-->src\main\AndroidManifest.xml:201:9-204:57
237            android:name="com.kptech.peps.activity.TncView"
237-->src\main\AndroidManifest.xml:202:13-45
238            android:configChanges="orientation|screenSize|keyboardHidden"
238-->src\main\AndroidManifest.xml:203:13-74
239            android:windowSoftInputMode="stateHidden" />
239-->src\main\AndroidManifest.xml:204:13-54
240        <activity
240-->src\main\AndroidManifest.xml:205:9-208:57
241            android:name="com.kptech.peps.activity.UserdetailActivity"
241-->src\main\AndroidManifest.xml:206:13-56
242            android:configChanges="orientation|screenSize|keyboardHidden"
242-->src\main\AndroidManifest.xml:207:13-74
243            android:windowSoftInputMode="stateHidden" />
243-->src\main\AndroidManifest.xml:208:13-54
244        <activity
244-->src\main\AndroidManifest.xml:211:9-215:15
245            android:name="com.kptech.peps.Editor.Mainactivity"
245-->src\main\AndroidManifest.xml:211:19-54
246            android:screenOrientation="portrait"
246-->src\main\AndroidManifest.xml:213:13-49
247            android:theme="@style/AppTheme" />
247-->src\main\AndroidManifest.xml:212:13-44
248
249        <provider
249-->src\main\AndroidManifest.xml:216:9-224:20
250            android:name="androidx.core.content.FileProvider"
250-->src\main\AndroidManifest.xml:217:13-62
251            android:authorities="com.video_editor.pro.provider"
251-->src\main\AndroidManifest.xml:218:13-64
252            android:exported="false"
252-->src\main\AndroidManifest.xml:219:13-37
253            android:grantUriPermissions="true" >
253-->src\main\AndroidManifest.xml:220:13-47
254            <meta-data
254-->src\main\AndroidManifest.xml:221:13-223:58
255                android:name="android.support.FILE_PROVIDER_PATHS"
255-->src\main\AndroidManifest.xml:222:17-67
256                android:resource="@xml/provider_paths" />
256-->src\main\AndroidManifest.xml:223:17-55
257        </provider>
258
259        <activity
259-->src\main\AndroidManifest.xml:225:9-232:20
260            android:name="com.kptech.peps.Editor.StartActivity"
260-->src\main\AndroidManifest.xml:226:13-49
261            android:label="@string/app_name"
261-->src\main\AndroidManifest.xml:227:13-45
262            android:screenOrientation="portrait"
262-->src\main\AndroidManifest.xml:229:13-49
263            android:theme="@style/AppTheme" >
263-->src\main\AndroidManifest.xml:228:13-44
264        </activity>
265
266        <provider
266-->src\main\AndroidManifest.xml:216:9-224:20
267            android:name="androidx.core.content.FileProvider"
267-->src\main\AndroidManifest.xml:217:13-62
268            android:authorities=".videoEditor.provider"
268-->src\main\AndroidManifest.xml:218:13-64
269            android:exported="false"
269-->src\main\AndroidManifest.xml:219:13-37
270            android:grantUriPermissions="true" >
270-->src\main\AndroidManifest.xml:220:13-47
271            <meta-data
271-->src\main\AndroidManifest.xml:221:13-223:58
272                android:name="android.support.FILE_PROVIDER_PATHS"
272-->src\main\AndroidManifest.xml:222:17-67
273                android:resource="@xml/provider_paths" />
273-->src\main\AndroidManifest.xml:223:17-55
274        </provider>
275
276        <activity
276-->src\main\AndroidManifest.xml:244:9-247:47
277            android:name="com.kptech.peps.Editor.listvideoandmyvideo.ListVideoAndMyAlbumActivity"
277-->src\main\AndroidManifest.xml:245:13-83
278            android:screenOrientation="portrait"
278-->src\main\AndroidManifest.xml:246:13-49
279            android:theme="@style/AppTheme" />
279-->src\main\AndroidManifest.xml:247:13-44
280        <activity
280-->src\main\AndroidManifest.xml:248:9-251:47
281            android:name="com.kptech.peps.Editor.listvideowithmymusic.ListVideoAndMyMusicActivity"
281-->src\main\AndroidManifest.xml:249:13-84
282            android:screenOrientation="portrait"
282-->src\main\AndroidManifest.xml:250:13-49
283            android:theme="@style/AppTheme" />
283-->src\main\AndroidManifest.xml:251:13-44
284        <activity
284-->src\main\AndroidManifest.xml:252:9-255:47
285            android:name="com.kptech.peps.Editor.videotogif.ListVideoAndMyAlbumActivity"
285-->src\main\AndroidManifest.xml:253:13-74
286            android:screenOrientation="portrait"
286-->src\main\AndroidManifest.xml:254:13-49
287            android:theme="@style/AppTheme" />
287-->src\main\AndroidManifest.xml:255:13-44
288        <activity
288-->src\main\AndroidManifest.xml:256:9-259:47
289            android:name="com.kptech.peps.Editor.videojoiner.ListVideoAndMyAlbumActivity"
289-->src\main\AndroidManifest.xml:257:13-75
290            android:screenOrientation="portrait"
290-->src\main\AndroidManifest.xml:258:13-49
291            android:theme="@style/AppTheme" />
291-->src\main\AndroidManifest.xml:259:13-44
292        <activity
292-->src\main\AndroidManifest.xml:260:9-263:47
293            android:name="com.kptech.peps.Editor.videocollage.ListCollageAndMyAlbumActivity"
293-->src\main\AndroidManifest.xml:261:13-78
294            android:screenOrientation="portrait"
294-->src\main\AndroidManifest.xml:262:13-49
295            android:theme="@style/AppTheme" />
295-->src\main\AndroidManifest.xml:263:13-44
296        <activity
296-->src\main\AndroidManifest.xml:264:9-267:47
297            android:name="com.kptech.peps.Editor.listmusicandmymusic.ListMusicAndMyMusicActivity"
297-->src\main\AndroidManifest.xml:265:13-83
298            android:screenOrientation="portrait"
298-->src\main\AndroidManifest.xml:266:13-49
299            android:theme="@style/AppTheme" />
299-->src\main\AndroidManifest.xml:267:13-44
300        <activity
300-->src\main\AndroidManifest.xml:268:9-271:47
301            android:name="com.kptech.peps.Editor.phototovideo.SelectImageAndMyVideoActivity"
301-->src\main\AndroidManifest.xml:269:13-78
302            android:screenOrientation="portrait"
302-->src\main\AndroidManifest.xml:270:13-49
303            android:theme="@style/AppTheme" />
303-->src\main\AndroidManifest.xml:271:13-44
304        <activity
304-->src\main\AndroidManifest.xml:272:9-275:47
305            android:name="com.kptech.peps.Editor.videocutter.VideoCutter"
305-->src\main\AndroidManifest.xml:273:13-59
306            android:screenOrientation="portrait"
306-->src\main\AndroidManifest.xml:274:13-49
307            android:theme="@style/AppTheme" />
307-->src\main\AndroidManifest.xml:275:13-44
308        <activity
308-->src\main\AndroidManifest.xml:276:9-279:47
309            android:name="com.kptech.peps.Editor.videocompress.VideoCompressor"
309-->src\main\AndroidManifest.xml:277:13-65
310            android:screenOrientation="portrait"
310-->src\main\AndroidManifest.xml:278:13-49
311            android:theme="@style/AppTheme" />
311-->src\main\AndroidManifest.xml:279:13-44
312        <activity
312-->src\main\AndroidManifest.xml:280:9-283:47
313            android:name="com.kptech.peps.Editor.videotomp3.VideoToMP3ConverterActivity"
313-->src\main\AndroidManifest.xml:281:13-74
314            android:screenOrientation="portrait"
314-->src\main\AndroidManifest.xml:282:13-49
315            android:theme="@style/AppTheme" />
315-->src\main\AndroidManifest.xml:283:13-44
316        <activity
316-->src\main\AndroidManifest.xml:284:9-287:47
317            android:name="com.kptech.peps.Editor.AudioPlayer"
317-->src\main\AndroidManifest.xml:285:13-47
318            android:screenOrientation="portrait"
318-->src\main\AndroidManifest.xml:286:13-49
319            android:theme="@style/AppTheme" />
319-->src\main\AndroidManifest.xml:287:13-44
320        <activity
320-->src\main\AndroidManifest.xml:288:9-291:47
321            android:name="com.kptech.peps.Editor.audiovideomixer.AudioVideoMixer"
321-->src\main\AndroidManifest.xml:289:13-67
322            android:screenOrientation="portrait"
322-->src\main\AndroidManifest.xml:290:13-49
323            android:theme="@style/AppTheme" />
323-->src\main\AndroidManifest.xml:291:13-44
324        <activity
324-->src\main\AndroidManifest.xml:292:9-294:52